\BOOKMARK [-1][-]{part.1}{I\040Crash\040course\040on\040Stats\040and\040ML}{}% 1
\BOOKMARK [0][-]{chapter.1}{Probability\040Theory\040and\040Statistics}{part.1}% 2
\BOOKMARK [1][-]{section.1.1}{Basic\040concepts}{chapter.1}% 3
\BOOKMARK [1][-]{section.1.2}{Expectation,\040variance,\040and\040covariance}{chapter.1}% 4
\BOOKMARK [1][-]{section.1.3}{Convergence}{chapter.1}% 5
\BOOKMARK [1][-]{section.1.4}{Estimation:\040bias\040and\040variance}{chapter.1}% 6
\BOOKMARK [2][-]{subsection.1.4.1}{Main\040Probability\040Distributions}{section.1.4}% 7
\BOOKMARK [1][-]{section.1.5}{Hypothesis\040testing\040framework}{chapter.1}% 8
\BOOKMARK [2][-]{subsection.1.5.1}{Comparing\040Means}{section.1.5}% 9
\BOOKMARK [2][-]{subsection.1.5.2}{Comparing\040Variances}{section.1.5}% 10
\BOOKMARK [2][-]{subsection.1.5.3}{Regression\040Analysis}{section.1.5}% 11
\BOOKMARK [2][-]{subsection.1.5.4}{Goodness\040of\040Fit\040and\040Independence\040Tests}{section.1.5}% 12
\BOOKMARK [1][-]{section.1.6}{Bayesian\040Learning}{chapter.1}% 13
\BOOKMARK [2][-]{subsection.1.6.1}{Markov\040chain\040Monte\040Carlo\040\(MCMC\)}{section.1.6}% 14
\BOOKMARK [0][-]{chapter.2}{Linear\040Regression}{part.1}% 15
\BOOKMARK [1][-]{section.2.1}{Motivating\040linear\040approximations}{chapter.2}% 16
\BOOKMARK [1][-]{section.2.2}{Linear\040regression\040framework}{chapter.2}% 17
\BOOKMARK [1][-]{section.2.3}{Ordinary\040least\040squares}{chapter.2}% 18
\BOOKMARK [1][-]{section.2.4}{Expected\040value\040and\040variance\040of\040the\040least\040square\040estimators}{chapter.2}% 19
\BOOKMARK [2][-]{subsection.2.4.1}{First-order\040model\040example}{section.2.4}% 20
\BOOKMARK [1][-]{section.2.5}{Second-order\040model\040example}{chapter.2}% 21
\BOOKMARK [1][-]{section.2.6}{Hypothesis\040testing\040for\040regression\040coefficients}{chapter.2}% 22
\BOOKMARK [2][-]{subsection.2.6.1}{Starting\040with\040an\040example}{section.2.6}% 23
\BOOKMARK [2][-]{subsection.2.6.2}{Some\040background\040about\040hypothesis\040testing\040and\040confidence\040intervals}{section.2.6}% 24
\BOOKMARK [3][-]{subsubsection*.3}{Test\040for\040overall\040significance\040of\040the\040model}{subsection.2.6.2}% 25
\BOOKMARK [3][-]{subsubsection*.4}{Tests\040on\040individual\040coefficients}{subsection.2.6.2}% 26
\BOOKMARK [3][-]{subsubsection*.5}{Confidence\040intervals\040on\040individual\040regression\040coefficients}{subsection.2.6.2}% 27
\BOOKMARK [3][-]{subsubsection*.6}{Confidence\040interval\040on\040the\040mean\040response\040and\040prediction\040variance}{subsection.2.6.2}% 28
\BOOKMARK [1][-]{section.2.7}{Regularization\040methods}{chapter.2}% 29
\BOOKMARK [2][-]{subsection.2.7.1}{Lasso\040Regression\040\(L1\040Penalty\)}{section.2.7}% 30
\BOOKMARK [2][-]{subsection.2.7.2}{Ridge\040Regression\040\(L2\040Penalty\)}{section.2.7}% 31
\BOOKMARK [2][-]{subsection.2.7.3}{Elastic\040Net\040\(combination\040of\040L1\040and\040L2\040penalties\)}{section.2.7}% 32
\BOOKMARK [0][-]{chapter.3}{Machine\040Learning}{part.1}% 33
\BOOKMARK [1][-]{section.3.1}{Supervised\040learning\040vs.\040unsupervised\040learning}{chapter.3}% 34
\BOOKMARK [1][-]{section.3.2}{Overfitting\040and\040underfitting}{chapter.3}% 35
\BOOKMARK [2][-]{subsection.3.2.1}{Underfitting}{section.3.2}% 36
\BOOKMARK [1][-]{section.3.3}{Tree-based\040methods}{chapter.3}% 37
\BOOKMARK [2][-]{subsection.3.3.1}{Decision\040trees}{section.3.3}% 38
\BOOKMARK [2][-]{subsection.3.3.2}{Random\040Forests}{section.3.3}% 39
\BOOKMARK [2][-]{subsection.3.3.3}{XGBoost}{section.3.3}% 40
\BOOKMARK [-1][-]{part.2}{II\040Introduction}{}% 41
\BOOKMARK [0][-]{chapter.4}{Motivation}{part.2}% 42
\BOOKMARK [0][-]{chapter.5}{What\040to\040expect\040from\040each\040chapter}{part.2}% 43
\BOOKMARK [1][-]{section.5.1}{Detailed\040overviews}{chapter.5}% 44
\BOOKMARK [-1][-]{part.3}{III\040I.\040Basic\040Concepts}{}% 45
\BOOKMARK [0][-]{chapter.6}{Correlation\040vs.\040Causation}{part.3}% 46
\BOOKMARK [0][-]{chapter.7}{Causal\040Representations}{part.3}% 47
\BOOKMARK [0][-]{chapter.8}{Basic\040Causal\040Structures}{part.3}% 48
\BOOKMARK [1][-]{section.8.1}{Chains}{chapter.8}% 49
\BOOKMARK [1][-]{section.8.2}{Forks}{chapter.8}% 50
\BOOKMARK [1][-]{section.8.3}{Immoralities}{chapter.8}% 51
\BOOKMARK [0][-]{chapter.9}{Definitions\040and\040Terminology}{part.3}% 52
\BOOKMARK [1][-]{section.9.1}{Causal\040structures\040and\040graphical\040representations}{chapter.9}% 53
\BOOKMARK [1][-]{section.9.2}{Experimental\040design\040and\040analysis}{chapter.9}% 54
\BOOKMARK [1][-]{section.9.3}{Effects\040and\040estimates}{chapter.9}% 55
\BOOKMARK [-1][-]{part.4}{IV\040II.\040Causal\040Discovery}{}% 56
\BOOKMARK [0][-]{chapter.10}{Overview}{part.4}% 57
\BOOKMARK [1][-]{section.10.1}{Content\040of\040Causal\040Discovery\040chapters}{chapter.10}% 58
\BOOKMARK [0][-]{chapter.11}{Linear\040Models}{part.4}% 59
\BOOKMARK [1][-]{section.11.1}{The\040LiNGAM\040model}{chapter.11}% 60
\BOOKMARK [2][-]{subsection.11.1.1}{Strucural\040equations}{section.11.1}% 61
\BOOKMARK [2][-]{subsection.11.1.2}{Matrix\040notation}{section.11.1}% 62
\BOOKMARK [2][-]{subsection.11.1.3}{Causal\040ordering}{section.11.1}% 63
\BOOKMARK [1][-]{section.11.2}{Estimation\040methods}{chapter.11}% 64
\BOOKMARK [2][-]{subsection.11.2.1}{Example\040with\040Gaussian\040errors}{section.11.2}% 65
\BOOKMARK [2][-]{subsection.11.2.2}{Example\040with\040non-Gaussian\040errors}{section.11.2}% 66
\BOOKMARK [2][-]{subsection.11.2.3}{Full\040LiNGAM\040estimation\040example}{section.11.2}% 67
\BOOKMARK [0][-]{chapter.12}{Nonlinear\040Models}{part.4}% 68
\BOOKMARK [1][-]{section.12.1}{Additive\040noise\040models\040\(ANMs\)}{chapter.12}% 69
\BOOKMARK [1][-]{section.12.2}{Estimation}{chapter.12}% 70
\BOOKMARK [2][-]{subsection.12.2.1}{Example\040with\040nonlinear\040functions}{section.12.2}% 71
\BOOKMARK [2][-]{subsection.12.2.2}{Full\040RESIT\040example}{section.12.2}% 72
\BOOKMARK [3][-]{subsubsection*.7}{Bootstrapping}{subsection.12.2.2}% 73
\BOOKMARK [0][-]{chapter.13}{Time\040Series\040Models}{part.4}% 74
\BOOKMARK [1][-]{section.13.1}{VARLiNGAM\040model}{chapter.13}% 75
\BOOKMARK [1][-]{section.13.2}{Estimation}{chapter.13}% 76
\BOOKMARK [1][-]{section.13.3}{Full\040VARLiNGAM\040example}{chapter.13}% 77
\BOOKMARK [2][-]{subsection.13.3.1}{Contemporaneous\040effects}{section.13.3}% 78
\BOOKMARK [1][-]{section.13.4}{Lagged\040effects}{chapter.13}% 79
\BOOKMARK [1][-]{section.13.5}{Putting\040all\040together}{chapter.13}% 80
\BOOKMARK [2][-]{subsection.13.5.1}{Estimating\040contemporaneous\040effects}{section.13.5}% 81
\BOOKMARK [2][-]{subsection.13.5.2}{Estimating\040lagged\040effects}{section.13.5}% 82
\BOOKMARK [2][-]{subsection.13.5.3}{Complete\040causal\040graph}{section.13.5}% 83
\BOOKMARK [0][-]{chapter.14}{Structural\040Breaks}{part.4}% 84
\BOOKMARK [1][-]{section.14.1}{Scenario\040with\040two\040regimes}{chapter.14}% 85
\BOOKMARK [2][-]{subsection.14.1.1}{Pre-subsidy\040structural\040model:}{section.14.1}% 86
\BOOKMARK [2][-]{subsection.14.1.2}{Post-subsidy\040structural\040model:}{section.14.1}% 87
\BOOKMARK [2][-]{subsection.14.1.3}{Contemporaneous\040effects}{section.14.1}% 88
\BOOKMARK [2][-]{subsection.14.1.4}{Lagged\040effects}{section.14.1}% 89
\BOOKMARK [1][-]{section.14.2}{Estimation}{chapter.14}% 90
\BOOKMARK [2][-]{subsection.14.2.1}{Fitting\040one\040model\040to\040all\040the\040data}{section.14.2}% 91
\BOOKMARK [2][-]{subsection.14.2.2}{Fitting\040two\040separate\040models}{section.14.2}% 92
\BOOKMARK [-1][-]{part.5}{V\040III.\040Causal\040Inference}{}% 93
\BOOKMARK [0][-]{chapter.15}{Overview}{part.5}% 94
\BOOKMARK [1][-]{section.15.1}{Content\040of\040Causal\040Inference\040chapters}{chapter.15}% 95
\BOOKMARK [0][-]{chapter.16}{Instrumental\040Variables}{part.5}% 96
\BOOKMARK [1][-]{section.16.1}{Endogeneity}{chapter.16}% 97
\BOOKMARK [1][-]{section.16.2}{Two-stage\040least\040squares\040\(2SLS\)}{chapter.16}% 98
\BOOKMARK [2][-]{subsection.16.2.1}{Ignoring\040confounders}{section.16.2}% 99
\BOOKMARK [2][-]{subsection.16.2.2}{2SLS}{section.16.2}% 100
\BOOKMARK [0][-]{chapter.17}{Propensity\040Score\040Matching}{part.5}% 101
\BOOKMARK [1][-]{section.17.1}{Example}{chapter.17}% 102
\BOOKMARK [2][-]{subsection.17.1.1}{Data\040generation}{section.17.1}% 103
\BOOKMARK [2][-]{subsection.17.1.2}{Propensity\040scores\040estimation}{section.17.1}% 104
\BOOKMARK [2][-]{subsection.17.1.3}{Nearest-neighbor\040matching}{section.17.1}% 105
\BOOKMARK [2][-]{subsection.17.1.4}{Treatment\040effect\040estimation}{section.17.1}% 106
\BOOKMARK [2][-]{subsection.17.1.5}{Visualising\040results}{section.17.1}% 107
\BOOKMARK [0][-]{chapter.18}{Double\040Machine\040Learning}{part.5}% 108
\BOOKMARK [1][-]{section.18.1}{The\040Partially\040Linear\040Case}{chapter.18}% 109
\BOOKMARK [1][-]{section.18.2}{Electricity\040example}{chapter.18}% 110
\BOOKMARK [2][-]{subsection.18.2.1}{The\040causal\040graph}{section.18.2}% 111
\BOOKMARK [2][-]{subsection.18.2.2}{The\040data-generating\040process}{section.18.2}% 112
\BOOKMARK [2][-]{subsection.18.2.3}{The\040DML\040algorithms}{section.18.2}% 113
\BOOKMARK [0][-]{chapter.19}{Difference-in-Differences}{part.5}% 114
\BOOKMARK [0][-]{chapter.20}{Interrupted\040Time\040Series}{part.5}% 115
\BOOKMARK [1][-]{section.20.1}{Fitting\040an\040ITS\040on\040the\040residuals\040of\040a\040time\040series\040models}{chapter.20}% 116
\BOOKMARK [-1][-]{part.6}{VI\040IV.\040Interpretability}{}% 117
\BOOKMARK [0][-]{chapter.21}{Overview}{part.6}% 118
\BOOKMARK [1][-]{section.21.1}{Content\040of\040Interpretability\040chapters}{chapter.21}% 119
\BOOKMARK [0][-]{chapter.22}{Partial\040Dependence\040Plots}{part.6}% 120
\BOOKMARK [0][-]{chapter.23}{Accumulated\040Local\040Effects}{part.6}% 121
\BOOKMARK [0][-]{chapter.24}{Impulse\040Response\040Functions}{part.6}% 122
\BOOKMARK [0][-]{chapter.25}{Shapley\040Additive\040Explanations}{part.6}% 123
\BOOKMARK [1][-]{section.25.1}{Shapley\040values}{chapter.25}% 124
\BOOKMARK [1][-]{section.25.2}{Connection\040between\040Shapley\040values\040and\040SHAP}{chapter.25}% 125
\BOOKMARK [1][-]{section.25.3}{Practical\040SHAP\040implementation}{chapter.25}% 126
\BOOKMARK [-1][-]{part.7}{VII\040V.\040Experiments\040and\040Data\040Collection}{}% 127
\BOOKMARK [0][-]{chapter.26}{Overview}{part.7}% 128
\BOOKMARK [1][-]{section.26.1}{Content\040of\040Data\040Collection\040chapters}{chapter.26}% 129
\BOOKMARK [0][-]{chapter.27}{A/B\040Testing}{part.7}% 130
\BOOKMARK [1][-]{section.27.1}{A\040simple\040example}{chapter.27}% 131
\BOOKMARK [1][-]{section.27.2}{Statistical\040considerations}{chapter.27}% 132
\BOOKMARK [2][-]{subsection.27.2.1}{Power\040analysis}{section.27.2}% 133
\BOOKMARK [2][-]{subsection.27.2.2}{Multiple\040testing}{section.27.2}% 134
\BOOKMARK [2][-]{subsection.27.2.3}{Heterogeneous\040treatment\040effects}{section.27.2}% 135
\BOOKMARK [2][-]{subsection.27.2.4}{Network\040effects}{section.27.2}% 136
\BOOKMARK [0][-]{chapter.28}{Multi-Armed\040Bandits}{part.7}% 137
\BOOKMARK [1][-]{section.28.1}{MAB\040vs.\040A/B\040testing}{chapter.28}% 138
\BOOKMARK [1][-]{section.28.2}{Key\040concepts\040and\040high-level\040example}{chapter.28}% 139
\BOOKMARK [1][-]{section.28.3}{Key\040algorithms\040for\040MAB\040problems}{chapter.28}% 140
\BOOKMARK [2][-]{subsection.28.3.1}{Epsilon-greedy}{section.28.3}% 141
\BOOKMARK [2][-]{subsection.28.3.2}{Upper\040confidence\040bound\040\(UCB\)}{section.28.3}% 142
\BOOKMARK [2][-]{subsection.28.3.3}{Thompson\040sampling}{section.28.3}% 143
\BOOKMARK [2][-]{subsection.28.3.4}{Comparing\040the\040three\040algorithms\040with\040random\040sampling}{section.28.3}% 144
\BOOKMARK [0][-]{chapter.29}{Design\040of\040Experiments}{part.7}% 145
\BOOKMARK [1][-]{section.29.1}{Some\040important\040designs}{chapter.29}% 146
\BOOKMARK [2][-]{subsection.29.1.1}{Factorial\040Designs}{section.29.1}% 147
\BOOKMARK [2][-]{subsection.29.1.2}{Central\040composite\040designs}{section.29.1}% 148
\BOOKMARK [2][-]{subsection.29.1.3}{Space-filling\040designs}{section.29.1}% 149
\BOOKMARK [3][-]{subsubsection*.8}{Sobol\040sequences}{subsection.29.1.3}% 150
\BOOKMARK [3][-]{subsubsection*.9}{Latin\040hypercubes}{subsection.29.1.3}% 151
\BOOKMARK [1][-]{section.29.2}{Design\040optimality}{chapter.29}% 152
\BOOKMARK [0][-]{chapter.30}{Active\040Learning}{part.7}% 153
\BOOKMARK [-1][-]{part.8}{VIII\040Other}{}% 154
\BOOKMARK [0][-]{chapter.31}{References}{part.8}% 155
\BOOKMARK [0][-]{chapter*.10}{Bibliography}{part.8}% 156
